Base path: '/home/ameya/Unity/Hub/Editor/2019.3.0b6/Editor/Data', plugins path '/home/ameya/Unity/Hub/Editor/2019.3.0b6/Editor/Data/PlaybackEngines'
Cmd: initializeCompiler
Cmd: compileComputeKernel
  api=15 insize=12270 outsize=2666 ok=1
Cmd: compileComputeKernel
  api=15 insize=12270 outsize=3383 ok=1
Cmd: compileComputeKernel
  api=18 insize=12270 outsize=6471 ok=1
Cmd: compileComputeKernel
  api=18 insize=12270 outsize=7858 ok=1
Cmd: compileComputeKernel
  api=15 insize=4482 outsize=4144 ok=1
Cmd: compileComputeKernel
  api=18 insize=4482 outsize=7251 ok=1
Cmd: compileComputeKernel
  error: 1 plat 15 at Tensor.cginc(128): use of potentially uninitialized variable (ReadonlyTensor::SafeGet)
  api=15 insize=27408 outsize=6826 ok=1
Cmd: compileComputeKernel
  api=15 insize=27408 outsize=3202 ok=1
Cmd: compileComputeKernel
  api=15 insize=27408 outsize=3114 ok=1
Cmd: compileComputeKernel
  api=15 insize=27408 outsize=5042 ok=1
Cmd: compileComputeKernel
  api=15 insize=27408 outsize=5035 ok=1
Cmd: compileComputeKernel
  api=18 insize=27408 outsize=7326 ok=1
Cmd: compileComputeKernel
  api=18 insize=27408 outsize=5581 ok=1
Cmd: compileComputeKernel
  api=18 insize=27408 outsize=5544 ok=1
Cmd: compileComputeKernel
  api=18 insize=27408 outsize=9175 ok=1
Cmd: compileComputeKernel
  api=18 insize=27408 outsize=9750 ok=1
Cmd: compileComputeKernel
  api=15 insize=64076 outsize=15783 ok=1
Cmd: compileComputeKernel
  api=15 insize=20360 outsize=2143 ok=1
Cmd: compileComputeKernel
  api=15 insize=20360 outsize=2110 ok=1
Cmd: compileComputeKernel
  api=15 insize=20360 outsize=2606 ok=1
Cmd: compileComputeKernel
  api=15 insize=20360 outsize=3028 ok=1
Cmd: compileComputeKernel
  api=15 insize=20360 outsize=3105 ok=1
Cmd: compileComputeKernel
  api=15 insize=20360 outsize=3072 ok=1
Cmd: compileComputeKernel
  api=15 insize=20360 outsize=3524 ok=1
Cmd: compileComputeKernel
  api=18 insize=20360 outsize=3233 ok=1
Cmd: compileComputeKernel
  api=18 insize=20360 outsize=3211 ok=1
Cmd: compileComputeKernel
  api=18 insize=20360 outsize=5489 ok=1
Cmd: compileComputeKernel
  api=18 insize=20360 outsize=5494 ok=1
Cmd: compileComputeKernel
  api=18 insize=20360 outsize=5285 ok=1
Cmd: compileComputeKernel
  api=15 insize=23621 outsize=21377 ok=1
Cmd: compileComputeKernel
  error: 1 plat 18 at Tensor.cginc(128): use of potentially uninitialized variable (ReadonlyTensor::SafeGet)
  error: 1 plat 18 at Tensor.cginc(295): use of potentially uninitialized variable (SharedTensor::SafeGet)
  api=18 insize=23621 outsize=26308 ok=1
Cmd: compileSnippet
  api=15 type=1 insize=11846 outsize=0 kw=SHADOWS_SPLIT_SPHERES pd=UNITY_ENABLE_REFLECTION_BUFFERS UNITY_USE_DITHER_MASK_FOR_ALPHABLENDED_SHADOWS UNITY_PBS_USE_BRDF1 UNITY_SPECCUBE_BOX_PROJECTION UNITY_SPECCUBE_BLENDING UNITY_ENABLE_DETAIL_NORMALMAP SHADER_API_DESKTOP UNITY_COLORSPACE_GAMMA UNITY_LIGHT_PROBE_PROXY_VOLUME UNITY_LIGHTMAP_FULL_HDR ok=1

Quitting shader compiler process
