Base path: '/home/ameya/Unity/Hub/Editor/2019.3.0b6/Editor/Data', plugins path '/home/ameya/Unity/Hub/Editor/2019.3.0b6/Editor/Data/PlaybackEngines'
Cmd: initializeCompiler
Cmd: compileComputeKernel
  api=15 insize=12270 outsize=3620 ok=1
Cmd: compileComputeKernel
  api=15 insize=12270 outsize=3874 ok=1
Cmd: compileComputeKernel
  api=15 insize=12270 outsize=2946 ok=1
Cmd: compileComputeKernel
  api=18 insize=12270 outsize=6400 ok=1
Cmd: compileComputeKernel
  api=18 insize=12270 outsize=4874 ok=1
Cmd: compileComputeKernel
  api=15 insize=4482 outsize=4148 ok=1
Cmd: compileComputeKernel
  api=18 insize=4482 outsize=7243 ok=1
Cmd: compileComputeKernel
  api=15 insize=27408 outsize=3649 ok=1
Cmd: compileComputeKernel
  api=15 insize=27408 outsize=3772 ok=1
Cmd: compileComputeKernel
  api=15 insize=27408 outsize=3192 ok=1
Cmd: compileComputeKernel
  api=15 insize=27408 outsize=4277 ok=1
Cmd: compileComputeKernel
  api=15 insize=27408 outsize=3295 ok=1
Cmd: compileComputeKernel
  api=18 insize=27408 outsize=6484 ok=1
Cmd: compileComputeKernel
  api=18 insize=27408 outsize=5804 ok=1
Cmd: compileComputeKernel
  api=18 insize=27408 outsize=5954 ok=1
Cmd: compileComputeKernel
  api=18 insize=27408 outsize=7719 ok=1
Cmd: compileComputeKernel
  api=18 insize=27408 outsize=5855 ok=1
Cmd: compileComputeKernel
  api=15 insize=64076 outsize=9525 ok=1
Cmd: compileComputeKernel
  api=18 insize=64076 outsize=18437 ok=1
Cmd: compileComputeKernel
  api=18 insize=64076 outsize=20179 ok=1
Cmd: compileComputeKernel
  api=15 insize=20360 outsize=2014 ok=1
Cmd: compileComputeKernel
  api=15 insize=20360 outsize=2004 ok=1
Cmd: compileComputeKernel
  api=15 insize=20360 outsize=1935 ok=1
Cmd: compileComputeKernel
  api=15 insize=20360 outsize=3075 ok=1
Cmd: compileComputeKernel
  api=15 insize=20360 outsize=3076 ok=1
Cmd: compileComputeKernel
  api=15 insize=20360 outsize=2998 ok=1
Cmd: compileComputeKernel
  api=15 insize=20360 outsize=3705 ok=1
Cmd: compileComputeKernel
  api=18 insize=20360 outsize=2944 ok=1
Cmd: compileComputeKernel
  api=18 insize=20360 outsize=3071 ok=1
Cmd: compileComputeKernel
  api=18 insize=20360 outsize=5294 ok=1
Cmd: compileComputeKernel
  api=18 insize=20360 outsize=5690 ok=1
Cmd: compileComputeKernel
  api=18 insize=20360 outsize=5397 ok=1
Cmd: compileComputeKernel
  api=18 insize=20360 outsize=6686 ok=1
Cmd: compileComputeKernel
  error: 1 plat 15 at Tensor.cginc(128): use of potentially uninitialized variable (ReadonlyTensor::SafeGet)
  error: 1 plat 15 at Tensor.cginc(295): use of potentially uninitialized variable (SharedTensor::SafeGet)
  api=15 insize=23621 outsize=17155 ok=1
Cmd: compileSnippet
  api=15 type=0 insize=11846 outsize=11067 kw=SHADOWS_SPLIT_SPHERES SHADOWS_SINGLE_CASCADE pd=UNITY_ENABLE_REFLECTION_BUFFERS UNITY_USE_DITHER_MASK_FOR_ALPHABLENDED_SHADOWS UNITY_PBS_USE_BRDF1 UNITY_SPECCUBE_BOX_PROJECTION UNITY_SPECCUBE_BLENDING UNITY_ENABLE_DETAIL_NORMALMAP SHADER_API_DESKTOP UNITY_COLORSPACE_GAMMA UNITY_LIGHT_PROBE_PROXY_VOLUME UNITY_LIGHTMAP_FULL_HDR ok=1

Quitting shader compiler process
