Base path: '/home/ameya/Unity/Hub/Editor/2019.3.0b6/Editor/Data', plugins path '/home/ameya/Unity/Hub/Editor/2019.3.0b6/Editor/Data/PlaybackEngines'
Cmd: initializeCompiler
Cmd: compileComputeKernel
  api=15 insize=12270 outsize=4685 ok=1
Cmd: compileComputeKernel
  api=15 insize=12270 outsize=3084 ok=1
Cmd: compileComputeKernel
  api=18 insize=12270 outsize=8294 ok=1
Cmd: compileComputeKernel
  api=18 insize=12270 outsize=5705 ok=1
Cmd: compileComputeKernel
  api=18 insize=4482 outsize=7243 ok=1
Cmd: compileComputeKernel
  api=15 insize=27408 outsize=4639 ok=1
Cmd: compileComputeKernel
  api=15 insize=27408 outsize=6534 ok=1
Cmd: compileComputeKernel
  api=15 insize=27408 outsize=3115 ok=1
Cmd: compileComputeKernel
  api=15 insize=27408 outsize=3104 ok=1
Cmd: compileComputeKernel
  api=15 insize=27408 outsize=3195 ok=1
Cmd: compileComputeKernel
  error: 1 plat 18 at Tensor.cginc(128): use of potentially uninitialized variable (ReadonlyTensor::SafeGet)
  api=18 insize=27408 outsize=11934 ok=1
Cmd: compileComputeKernel
  api=18 insize=27408 outsize=6882 ok=1
Cmd: compileComputeKernel
  api=18 insize=27408 outsize=5949 ok=1
Cmd: compileComputeKernel
  api=18 insize=27408 outsize=7719 ok=1
Cmd: compileComputeKernel
  api=18 insize=27408 outsize=7727 ok=1
Cmd: compileComputeKernel
  api=18 insize=2952 outsize=406 ok=1
Cmd: compileComputeKernel
  error: 1 plat 18 at Tensor.cginc(142): use of potentially uninitialized variable (ReadonlyTensor::SafeGet)
  api=18 insize=64076 outsize=41046 ok=1
Cmd: compileComputeKernel
  api=15 insize=20360 outsize=1937 ok=1
Cmd: compileComputeKernel
  api=15 insize=20360 outsize=1989 ok=1
Cmd: compileComputeKernel
  api=15 insize=20360 outsize=2056 ok=1
Cmd: compileComputeKernel
  api=15 insize=20360 outsize=3273 ok=1
Cmd: compileComputeKernel
  api=15 insize=20360 outsize=3209 ok=1
Cmd: compileComputeKernel
  api=15 insize=20360 outsize=3025 ok=1
Cmd: compileComputeKernel
  api=18 insize=20360 outsize=2865 ok=1
Cmd: compileComputeKernel
  api=18 insize=20360 outsize=3476 ok=1
Cmd: compileComputeKernel
  api=18 insize=20360 outsize=2828 ok=1
Cmd: compileComputeKernel
  api=18 insize=20360 outsize=5322 ok=1
Cmd: compileComputeKernel
  api=18 insize=20360 outsize=5246 ok=1
Cmd: compileComputeKernel
  api=18 insize=20360 outsize=5695 ok=1
Cmd: compileComputeKernel
  api=18 insize=20360 outsize=5257 ok=1
Cmd: compileComputeKernel
  api=15 insize=23621 outsize=9103 ok=1
Cmd: compileComputeKernel
  api=18 insize=23621 outsize=10671 ok=1
Cmd: compileComputeKernel
  api=18 insize=23621 outsize=46232 ok=1
Cmd: compileSnippet
  api=15 type=0 insize=1602 outsize=18076 kw=UNITY_PASS_FORWARDBASE DIRECTIONAL SHADOWS_SCREEN LIGHTPROBE_SH pd=UNITY_ENABLE_REFLECTION_BUFFERS UNITY_USE_DITHER_MASK_FOR_ALPHABLENDED_SHADOWS UNITY_PBS_USE_BRDF1 UNITY_SPECCUBE_BOX_PROJECTION UNITY_SPECCUBE_BLENDING UNITY_ENABLE_DETAIL_NORMALMAP SHADER_API_DESKTOP UNITY_COLORSPACE_GAMMA UNITY_LIGHT_PROBE_PROXY_VOLUME UNITY_LIGHTMAP_FULL_HDR ok=1

Quitting shader compiler process
