Base path: '/home/ameya/Unity/Hub/Editor/2019.3.0b6/Editor/Data', plugins path '/home/ameya/Unity/Hub/Editor/2019.3.0b6/Editor/Data/PlaybackEngines'
Cmd: initializeCompiler
Cmd: compileComputeKernel
  api=15 insize=12270 outsize=4480 ok=1
Cmd: compileComputeKernel
  api=18 insize=12270 outsize=6724 ok=1
Cmd: compileComputeKernel
  api=18 insize=12270 outsize=7005 ok=1
Cmd: compileComputeKernel
  api=15 insize=4482 outsize=4147 ok=1
Cmd: compileComputeKernel
  api=18 insize=4482 outsize=7251 ok=1
Cmd: compileComputeKernel
  error: 1 plat 15 at Tensor.cginc(128): use of potentially uninitialized variable (ReadonlyTensor::SafeGet)
  api=15 insize=27408 outsize=5195 ok=1
Cmd: compileComputeKernel
  api=15 insize=27408 outsize=3522 ok=1
Cmd: compileComputeKernel
  api=15 insize=27408 outsize=3325 ok=1
Cmd: compileComputeKernel
  api=15 insize=27408 outsize=4277 ok=1
Cmd: compileComputeKernel
  api=15 insize=27408 outsize=3181 ok=1
Cmd: compileComputeKernel
  api=18 insize=27408 outsize=12011 ok=1
Cmd: compileComputeKernel
  api=18 insize=27408 outsize=5706 ok=1
Cmd: compileComputeKernel
  api=18 insize=27408 outsize=7146 ok=1
Cmd: compileComputeKernel
  api=18 insize=27408 outsize=5626 ok=1
Cmd: compileComputeKernel
  error: 1 plat 15 at Tensor.cginc(142): use of potentially uninitialized variable (ReadonlyTensor::SafeGet)
  api=15 insize=64076 outsize=25220 ok=1
Cmd: compileComputeKernel
  api=15 insize=20360 outsize=2058 ok=1
Cmd: compileComputeKernel
  api=15 insize=20360 outsize=1934 ok=1
Cmd: compileComputeKernel
  api=15 insize=20360 outsize=2769 ok=1
Cmd: compileComputeKernel
  api=15 insize=20360 outsize=3219 ok=1
Cmd: compileComputeKernel
  api=15 insize=20360 outsize=3263 ok=1
Cmd: compileComputeKernel
  api=15 insize=20360 outsize=3080 ok=1
Cmd: compileComputeKernel
  api=15 insize=20360 outsize=3744 ok=1
Cmd: compileComputeKernel
  api=18 insize=20360 outsize=3233 ok=1
Cmd: compileComputeKernel
  api=18 insize=20360 outsize=2968 ok=1
Cmd: compileComputeKernel
  api=18 insize=20360 outsize=5287 ok=1
Cmd: compileComputeKernel
  api=18 insize=20360 outsize=5200 ok=1
Cmd: compileComputeKernel
  api=18 insize=20360 outsize=5224 ok=1
Cmd: compileComputeKernel
  api=18 insize=20360 outsize=5285 ok=1
Cmd: compileComputeKernel
  api=15 insize=23621 outsize=7965 ok=1
Cmd: compileComputeKernel
  api=18 insize=23621 outsize=30340 ok=1
Cmd: compileComputeKernel
  api=18 insize=23621 outsize=16840 ok=1
Cmd: compileComputeKernel
  api=18 insize=23621 outsize=13224 ok=1
Cmd: compileComputeKernel
  api=18 insize=1810 outsize=11250 ok=1
Cmd: compileSnippet
  api=15 type=1 insize=1602 outsize=0 kw=UNITY_PASS_FORWARDBASE DIRECTIONAL SHADOWS_SCREEN LIGHTPROBE_SH pd=UNITY_ENABLE_REFLECTION_BUFFERS UNITY_USE_DITHER_MASK_FOR_ALPHABLENDED_SHADOWS UNITY_PBS_USE_BRDF1 UNITY_SPECCUBE_BOX_PROJECTION UNITY_SPECCUBE_BLENDING UNITY_ENABLE_DETAIL_NORMALMAP SHADER_API_DESKTOP UNITY_COLORSPACE_GAMMA UNITY_LIGHT_PROBE_PROXY_VOLUME UNITY_LIGHTMAP_FULL_HDR ok=1
Cmd: compileSnippet
  api=15 type=1 insize=11846 outsize=0 kw=SHADOWS_SPLIT_SPHERES SHADOWS_SINGLE_CASCADE pd=UNITY_ENABLE_REFLECTION_BUFFERS UNITY_USE_DITHER_MASK_FOR_ALPHABLENDED_SHADOWS UNITY_PBS_USE_BRDF1 UNITY_SPECCUBE_BOX_PROJECTION UNITY_SPECCUBE_BLENDING UNITY_ENABLE_DETAIL_NORMALMAP SHADER_API_DESKTOP UNITY_COLORSPACE_GAMMA UNITY_LIGHT_PROBE_PROXY_VOLUME UNITY_LIGHTMAP_FULL_HDR ok=1

Quitting shader compiler process
